<?xml version="1.0" encoding="UTF-8"?>
<!-- Generated by org.testng.reporters.JUnitXMLReporter -->
<testsuite ignored="0" hostname="DESKTOP-M9G8GLA" failures="0" tests="2" name="On chrome" time="0.11" errors="0" timestamp="2022-10-12T13:48:38 IST">
  <testcase classname="com.daphnish.CRM.testCaseLayer.BaseTestLayer" name="@BeforeTest loadReport1" time="-1.665562717824E9">
    <failure type="org.testng.TestNGException" message="
Parameter &amp;apos;browser&amp;apos; is required by BeforeTest on method loadReport1 but has not been marked @Optional or defined
in C:\Users\Akash Dubey\Desktop\FrameWorkPractise\POMWithReporting\src\pr.xml">
      <![CDATA[org.testng.TestNGException: 
Parameter 'browser' is required by BeforeTest on method loadReport1 but has not been marked @Optional or defined
in C:\Users\Akash Dubey\Desktop\FrameWorkPractise\POMWithReporting\src\pr.xml
at org.testng.internal.Parameters.createParams(Parameters.java:270)
at org.testng.internal.Parameters.createParametersForMethod(Parameters.java:358)
at org.testng.internal.Parameters.createParameters(Parameters.java:700)
at org.testng.internal.Parameters.createConfigurationParameters(Parameters.java:168)
at org.testng.internal.ConfigInvoker.invokeConfigurations(ConfigInvoker.java:302)
at org.testng.TestRunner.invokeTestConfigurations(TestRunner.java:637)
at org.testng.TestRunner.beforeRun(TestRunner.java:627)
at org.testng.TestRunner.run(TestRunner.java:589)
at org.testng.SuiteRunner.runTest(SuiteRunner.java:377)
at org.testng.SuiteRunner.access$000(SuiteRunner.java:28)
at org.testng.SuiteRunner$SuiteWorker.run(SuiteRunner.java:418)
at org.testng.internal.thread.ThreadUtil.lambda$execute$0(ThreadUtil.java:64)
at java.base/java.util.concurrent.FutureTask.run(FutureTask.java:264)
at java.base/java.util.concurrent.ThreadPoolExecutor.runWorker(ThreadPoolExecutor.java:1136)
at java.base/java.util.concurrent.ThreadPoolExecutor$Worker.run(ThreadPoolExecutor.java:635)
at java.base/java.lang.Thread.run(Thread.java:833)
]]>
    </failure>
  </testcase> <!-- @BeforeTest loadReport1 -->
  <testcase classname="com.daphnish.CRM.testCaseLayer.BaseTestLayer" name="@BeforeClass launchBrowserAndHitURL" time="-1.665562717873E9">
    <skipped/>
  </testcase> <!-- @BeforeClass launchBrowserAndHitURL -->
  <testcase classname="com.daphnish.CRM.testCaseLayer.BaseTestLayer" name="@BeforeMethod login" time="-1.665562717892E9">
    <skipped/>
  </testcase> <!-- @BeforeMethod login -->
  <testcase classname="com.daphnish.CRM.testCaseLayer.BaseTestLayer" name="@AfterMethod logOut" time="-1.665562717901E9">
    <skipped/>
  </testcase> <!-- @AfterMethod logOut -->
  <testcase classname="com.daphnish.CRM.testCaseLayer.BaseTestLayer" name="@BeforeMethod login" time="-1.665562717905E9">
    <skipped/>
  </testcase> <!-- @BeforeMethod login -->
  <testcase classname="com.daphnish.CRM.testCaseLayer.BaseTestLayer" name="@AfterMethod logOut" time="-1.665562717914E9">
    <skipped/>
  </testcase> <!-- @AfterMethod logOut -->
  <testcase classname="com.daphnish.CRM.testCaseLayer.BaseTestLayer" name="@AfterClass closeBrowser" time="-1.66556271792E9">
    <skipped/>
  </testcase> <!-- @AfterClass closeBrowser -->
  <testcase classname="com.daphnish.CRM.testCaseLayer.BaseTestLayer" name="@AfterTest flushReport" time="-1.665562717926E9">
    <skipped/>
  </testcase> <!-- @AfterTest flushReport -->
  <testcase classname="com.daphnish.CRM.testCaseLayer.VerifyAccountSearchFunctionality" name="ts001verifyAccountSearchTakeData" time="0.0">
    <skipped/>
  </testcase> <!-- ts001verifyAccountSearchTakeData -->
  <testcase classname="com.daphnish.CRM.testCaseLayer.VerifyAccountSearchFunctionality" name="ts002verifyAccountSearchNowIsWrittenOnbtn" time="0.0">
    <skipped/>
  </testcase> <!-- ts002verifyAccountSearchNowIsWrittenOnbtn -->
</testsuite> <!-- On chrome -->
