<!DOCTYPE html PUBLIC "-//W3C//DTD XHTML 1.1//EN" "https://www.w3.org/TR/xhtml11/DTD/xhtml11.dtd">
<html xmlns="https://www.w3.org/1999/xhtml">
<head>
<meta http-equiv="content-type" content="text/html; charset=UTF-8"/>
<title>TestNG Report</title>
<style type="text/css">table {margin-bottom:10px;border-collapse:collapse;empty-cells:show}th,td {border:1px solid #009;padding:.25em .5em}th {vertical-align:bottom}td {vertical-align:top}table a {font-weight:bold}.stripe td {background-color: #E6EBF9}.num {text-align:right}.passedodd td {background-color: #3F3}.passedeven td {background-color: #0A0}.skippedodd td {background-color: #DDD}.skippedeven td {background-color: #CCC}.failedodd td,.attn {background-color: #F33}.failedeven td,.stripe .attn {background-color: #D00}.stacktrace {white-space:pre;font-family:monospace}.totop {font-size:85%;text-align:center;border-bottom:2px solid #000}.invisible {display:none}</style>
</head>
<body>
<table>
<tr><th>Test</th><th># Passed</th><th># Skipped</th><th># Retried</th><th># Failed</th><th>Time (ms)</th><th>Included Groups</th><th>Excluded Groups</th></tr>
<tr><th colspan="8">CRM Project</th></tr>
<tr><td><a href="#t0">On chrome</a></td><td class="num">0</td><td class="num attn">2</td><td class="num">0</td><td class="num">0</td><td class="num">110</td><td></td><td></td></tr>
</table>
<table id='summary'><thead><tr><th>Class</th><th>Method</th><th>Start</th><th>Time (ms)</th></tr></thead><tbody><tr><th colspan="4">CRM Project</th></tr></tbody><tbody id="t0"><tr><th colspan="4">On chrome &#8212; failed (configuration methods)</th></tr><tr class="failedeven"><td rowspan="1">com.daphnish.CRM.testCaseLayer.VerifyAccountSearchFunctionality</td><td><a href="#m0">loadReport1</a></td><td rowspan="1">1665562717824</td><td rowspan="1">-1665562717824</td></tr><tr><th colspan="4">On chrome &#8212; skipped (configuration methods)</th></tr><tr class="skippedeven"><td rowspan="8">com.daphnish.CRM.testCaseLayer.VerifyAccountSearchFunctionality</td><td><a href="#m1">closeBrowser</a></td><td rowspan="1">1665562717920</td><td rowspan="1">-1665562717920</td></tr><tr class="skippedeven"><td><a href="#m2">flushReport</a></td><td rowspan="1">1665562717926</td><td rowspan="1">-1665562717926</td></tr><tr class="skippedeven"><td><a href="#m3">getReport</a></td><td rowspan="1">1665562718098</td><td rowspan="1">-1665562718098</td></tr><tr class="skippedeven"><td><a href="#m4">launchBrowserAndHitURL</a></td><td rowspan="1">1665562717873</td><td rowspan="1">-1665562717873</td></tr><tr class="skippedeven"><td><a href="#m5">logOut</a></td><td rowspan="2">1665562717914</td><td rowspan="2">-1665562717914</td></tr><tr class="skippedeven"><td><a href="#m6">logOut</a></td></tr><tr class="skippedeven"><td><a href="#m7">login</a></td><td rowspan="2">1665562717905</td><td rowspan="2">-1665562717905</td></tr><tr class="skippedeven"><td><a href="#m8">login</a></td></tr><tr><th colspan="4">On chrome &#8212; skipped</th></tr><tr class="skippedeven"><td rowspan="2">com.daphnish.CRM.testCaseLayer.VerifyAccountSearchFunctionality</td><td><a href="#m9">ts001verifyAccountSearchTakeData</a></td><td rowspan="1">1665562717895</td><td rowspan="1">0</td></tr><tr class="skippedeven"><td><a href="#m10">ts002verifyAccountSearchNowIsWrittenOnbtn</a></td><td rowspan="1">1665562717907</td><td rowspan="1">0</td></tr></tbody>
</table>
<h2>On chrome</h2><h3 id="m0">com.daphnish.CRM.testCaseLayer.VerifyAccountSearchFunctionality#loadReport1</h3><table class="result"><tr><th>Exception</th></tr><tr><td><div class="stacktrace">org.testng.TestNGException: 
Parameter &apos;browser&apos; is required by BeforeTest on method loadReport1 but has not been marked @Optional or defined
in C:\Users\Akash Dubey\Desktop\FrameWorkPractise\POMWithReporting\src\pr.xml
	at org.testng.internal.Parameters.createParams(Parameters.java:270)
	at org.testng.internal.Parameters.createParametersForMethod(Parameters.java:358)
	at org.testng.internal.Parameters.createParameters(Parameters.java:700)
	at org.testng.internal.Parameters.createConfigurationParameters(Parameters.java:168)
	at org.testng.internal.ConfigInvoker.invokeConfigurations(ConfigInvoker.java:302)
	at org.testng.TestRunner.invokeTestConfigurations(TestRunner.java:637)
	at org.testng.TestRunner.beforeRun(TestRunner.java:627)
	at org.testng.TestRunner.run(TestRunner.java:589)
	at org.testng.SuiteRunner.runTest(SuiteRunner.java:377)
	at org.testng.SuiteRunner.access$000(SuiteRunner.java:28)
	at org.testng.SuiteRunner$SuiteWorker.run(SuiteRunner.java:418)
	at org.testng.internal.thread.ThreadUtil.lambda$execute$0(ThreadUtil.java:64)
	at java.base/java.util.concurrent.FutureTask.run(FutureTask.java:264)
	at java.base/java.util.concurrent.ThreadPoolExecutor.runWorker(ThreadPoolExecutor.java:1136)
	at java.base/java.util.concurrent.ThreadPoolExecutor$Worker.run(ThreadPoolExecutor.java:635)
	at java.base/java.lang.Thread.run(Thread.java:833)
</div></td></tr></table><p class="totop"><a href="#summary">back to summary</a></p>
<h3 id="m1">com.daphnish.CRM.testCaseLayer.VerifyAccountSearchFunctionality#closeBrowser</h3><table class="result"><tr><th class="invisible"/></tr></table><p class="totop"><a href="#summary">back to summary</a></p>
<h3 id="m2">com.daphnish.CRM.testCaseLayer.VerifyAccountSearchFunctionality#flushReport</h3><table class="result"><tr><th class="invisible"/></tr></table><p class="totop"><a href="#summary">back to summary</a></p>
<h3 id="m3">com.daphnish.CRM.testCaseLayer.VerifyAccountSearchFunctionality#getReport</h3><table class="result"><tr><th class="invisible"/></tr></table><p class="totop"><a href="#summary">back to summary</a></p>
<h3 id="m4">com.daphnish.CRM.testCaseLayer.VerifyAccountSearchFunctionality#launchBrowserAndHitURL</h3><table class="result"><tr><th class="invisible"/></tr></table><p class="totop"><a href="#summary">back to summary</a></p>
<h3 id="m5">com.daphnish.CRM.testCaseLayer.VerifyAccountSearchFunctionality#logOut</h3><table class="result"><tr><th class="invisible"/></tr></table><p class="totop"><a href="#summary">back to summary</a></p>
<h3 id="m6">com.daphnish.CRM.testCaseLayer.VerifyAccountSearchFunctionality#logOut</h3><table class="result"><tr><th class="invisible"/></tr></table><p class="totop"><a href="#summary">back to summary</a></p>
<h3 id="m7">com.daphnish.CRM.testCaseLayer.VerifyAccountSearchFunctionality#login</h3><table class="result"><tr><th class="invisible"/></tr></table><p class="totop"><a href="#summary">back to summary</a></p>
<h3 id="m8">com.daphnish.CRM.testCaseLayer.VerifyAccountSearchFunctionality#login</h3><table class="result"><tr><th class="invisible"/></tr></table><p class="totop"><a href="#summary">back to summary</a></p>
<h3 id="m9">com.daphnish.CRM.testCaseLayer.VerifyAccountSearchFunctionality#ts001verifyAccountSearchTakeData</h3><table class="result"><tr><th>Exception</th></tr><tr><td><div class="stacktrace">org.testng.TestNGException: 
Parameter &apos;browser&apos; is required by BeforeTest on method loadReport1 but has not been marked @Optional or defined
in C:\Users\Akash Dubey\Desktop\FrameWorkPractise\POMWithReporting\src\pr.xml
	at org.testng.internal.Parameters.createParams(Parameters.java:270)
	at org.testng.internal.Parameters.createParametersForMethod(Parameters.java:358)
	at org.testng.internal.Parameters.createParameters(Parameters.java:700)
	at org.testng.internal.Parameters.createConfigurationParameters(Parameters.java:168)
	at org.testng.internal.ConfigInvoker.invokeConfigurations(ConfigInvoker.java:302)
	at org.testng.TestRunner.invokeTestConfigurations(TestRunner.java:637)
	at org.testng.TestRunner.beforeRun(TestRunner.java:627)
	at org.testng.TestRunner.run(TestRunner.java:589)
	at org.testng.SuiteRunner.runTest(SuiteRunner.java:377)
	at org.testng.SuiteRunner.access$000(SuiteRunner.java:28)
	at org.testng.SuiteRunner$SuiteWorker.run(SuiteRunner.java:418)
	at org.testng.internal.thread.ThreadUtil.lambda$execute$0(ThreadUtil.java:64)
	at java.base/java.util.concurrent.FutureTask.run(FutureTask.java:264)
	at java.base/java.util.concurrent.ThreadPoolExecutor.runWorker(ThreadPoolExecutor.java:1136)
	at java.base/java.util.concurrent.ThreadPoolExecutor$Worker.run(ThreadPoolExecutor.java:635)
	at java.base/java.lang.Thread.run(Thread.java:833)
</div></td></tr></table><p class="totop"><a href="#summary">back to summary</a></p>
<h3 id="m10">com.daphnish.CRM.testCaseLayer.VerifyAccountSearchFunctionality#ts002verifyAccountSearchNowIsWrittenOnbtn</h3><table class="result"><tr><th>Exception</th></tr><tr><td><div class="stacktrace">org.testng.TestNGException: 
Parameter &apos;browser&apos; is required by BeforeTest on method loadReport1 but has not been marked @Optional or defined
in C:\Users\Akash Dubey\Desktop\FrameWorkPractise\POMWithReporting\src\pr.xml
	at org.testng.internal.Parameters.createParams(Parameters.java:270)
	at org.testng.internal.Parameters.createParametersForMethod(Parameters.java:358)
	at org.testng.internal.Parameters.createParameters(Parameters.java:700)
	at org.testng.internal.Parameters.createConfigurationParameters(Parameters.java:168)
	at org.testng.internal.ConfigInvoker.invokeConfigurations(ConfigInvoker.java:302)
	at org.testng.TestRunner.invokeTestConfigurations(TestRunner.java:637)
	at org.testng.TestRunner.beforeRun(TestRunner.java:627)
	at org.testng.TestRunner.run(TestRunner.java:589)
	at org.testng.SuiteRunner.runTest(SuiteRunner.java:377)
	at org.testng.SuiteRunner.access$000(SuiteRunner.java:28)
	at org.testng.SuiteRunner$SuiteWorker.run(SuiteRunner.java:418)
	at org.testng.internal.thread.ThreadUtil.lambda$execute$0(ThreadUtil.java:64)
	at java.base/java.util.concurrent.FutureTask.run(FutureTask.java:264)
	at java.base/java.util.concurrent.ThreadPoolExecutor.runWorker(ThreadPoolExecutor.java:1136)
	at java.base/java.util.concurrent.ThreadPoolExecutor$Worker.run(ThreadPoolExecutor.java:635)
	at java.base/java.lang.Thread.run(Thread.java:833)
</div></td></tr></table><p class="totop"><a href="#summary">back to summary</a></p>
</body>
</html>
